Analysis & Synthesis report for ev21g1
Sun May 16 23:01:09 2021
Quartus Prime Version 20.1.1 Build 720 11/11/2020 SJ Lite Edition


---------------------
; Table of Contents ;
---------------------
  1. Legal Notice
  2. Analysis & Synthesis Summary
  3. Analysis & Synthesis Settings
  4. Parallel Compilation
  5. Analysis & Synthesis Source Files Read
  6. Analysis & Synthesis Resource Usage Summary
  7. Analysis & Synthesis Resource Utilization by Entity
  8. User-Specified and Inferred Latches
  9. General Register Statistics
 10. Multiplexer Restructuring Statistics (Restructuring Performed)
 11. Post-Synthesis Netlist Statistics for Top Partition
 12. Elapsed Time Per Partition
 13. Analysis & Synthesis Messages



----------------
; Legal Notice ;
----------------
Copyright (C) 2020  Intel Corporation. All rights reserved.
Your use of Intel Corporation's design tools, logic functions 
and other software and tools, and any partner logic 
functions, and any output files from any of the foregoing 
(including device programming or simulation files), and any 
associated documentation or information are expressly subject 
to the terms and conditions of the Intel Program License 
Subscription Agreement, the Intel Quartus Prime License Agreement,
the Intel FPGA IP License Agreement, or other applicable license
agreement, including, without limitation, that your use is for
the sole purpose of programming logic devices manufactured by
Intel and sold by Intel or its authorized distributors.  Please
refer to the applicable agreement for further details, at
https://fpgasoftware.intel.com/eula.



+----------------------------------------------------------------------------------+
; Analysis & Synthesis Summary                                                     ;
+------------------------------------+---------------------------------------------+
; Analysis & Synthesis Status        ; Successful - Sun May 16 23:01:09 2021       ;
; Quartus Prime Version              ; 20.1.1 Build 720 11/11/2020 SJ Lite Edition ;
; Revision Name                      ; ev21g1                                      ;
; Top-level Entity Name              ; alu                                         ;
; Family                             ; Cyclone IV E                                ;
; Total logic elements               ; 248                                         ;
;     Total combinational functions  ; 248                                         ;
;     Dedicated logic registers      ; 0                                           ;
; Total registers                    ; 0                                           ;
; Total pins                         ; 105                                         ;
; Total virtual pins                 ; 0                                           ;
; Total memory bits                  ; 0                                           ;
; Embedded Multiplier 9-bit elements ; 0                                           ;
; Total PLLs                         ; 0                                           ;
+------------------------------------+---------------------------------------------+


+------------------------------------------------------------------------------------------------------------+
; Analysis & Synthesis Settings                                                                              ;
+------------------------------------------------------------------+--------------------+--------------------+
; Option                                                           ; Setting            ; Default Value      ;
+------------------------------------------------------------------+--------------------+--------------------+
; Top-level entity name                                            ; alu                ; ev21g1             ;
; Family name                                                      ; Cyclone IV E       ; Cyclone V          ;
; Use smart compilation                                            ; Off                ; Off                ;
; Enable parallel Assembler and Timing Analyzer during compilation ; On                 ; On                 ;
; Enable compact report table                                      ; Off                ; Off                ;
; Restructure Multiplexers                                         ; Auto               ; Auto               ;
; Create Debugging Nodes for IP Cores                              ; Off                ; Off                ;
; Preserve fewer node names                                        ; On                 ; On                 ;
; Intel FPGA IP Evaluation Mode                                    ; Enable             ; Enable             ;
; Verilog Version                                                  ; Verilog_2001       ; Verilog_2001       ;
; VHDL Version                                                     ; VHDL_1993          ; VHDL_1993          ;
; State Machine Processing                                         ; Auto               ; Auto               ;
; Safe State Machine                                               ; Off                ; Off                ;
; Extract Verilog State Machines                                   ; On                 ; On                 ;
; Extract VHDL State Machines                                      ; On                 ; On                 ;
; Ignore Verilog initial constructs                                ; Off                ; Off                ;
; Iteration limit for constant Verilog loops                       ; 5000               ; 5000               ;
; Iteration limit for non-constant Verilog loops                   ; 250                ; 250                ;
; Add Pass-Through Logic to Inferred RAMs                          ; On                 ; On                 ;
; Infer RAMs from Raw Logic                                        ; On                 ; On                 ;
; Parallel Synthesis                                               ; On                 ; On                 ;
; DSP Block Balancing                                              ; Auto               ; Auto               ;
; NOT Gate Push-Back                                               ; On                 ; On                 ;
; Power-Up Don't Care                                              ; On                 ; On                 ;
; Remove Redundant Logic Cells                                     ; Off                ; Off                ;
; Remove Duplicate Registers                                       ; On                 ; On                 ;
; Ignore CARRY Buffers                                             ; Off                ; Off                ;
; Ignore CASCADE Buffers                                           ; Off                ; Off                ;
; Ignore GLOBAL Buffers                                            ; Off                ; Off                ;
; Ignore ROW GLOBAL Buffers                                        ; Off                ; Off                ;
; Ignore LCELL Buffers                                             ; Off                ; Off                ;
; Ignore SOFT Buffers                                              ; On                 ; On                 ;
; Limit AHDL Integers to 32 Bits                                   ; Off                ; Off                ;
; Optimization Technique                                           ; Balanced           ; Balanced           ;
; Carry Chain Length                                               ; 70                 ; 70                 ;
; Auto Carry Chains                                                ; On                 ; On                 ;
; Auto Open-Drain Pins                                             ; On                 ; On                 ;
; Perform WYSIWYG Primitive Resynthesis                            ; Off                ; Off                ;
; Auto ROM Replacement                                             ; On                 ; On                 ;
; Auto RAM Replacement                                             ; On                 ; On                 ;
; Auto DSP Block Replacement                                       ; On                 ; On                 ;
; Auto Shift Register Replacement                                  ; Auto               ; Auto               ;
; Allow Shift Register Merging across Hierarchies                  ; Auto               ; Auto               ;
; Auto Clock Enable Replacement                                    ; On                 ; On                 ;
; Strict RAM Replacement                                           ; Off                ; Off                ;
; Allow Synchronous Control Signals                                ; On                 ; On                 ;
; Force Use of Synchronous Clear Signals                           ; Off                ; Off                ;
; Auto RAM Block Balancing                                         ; On                 ; On                 ;
; Auto RAM to Logic Cell Conversion                                ; Off                ; Off                ;
; Auto Resource Sharing                                            ; Off                ; Off                ;
; Allow Any RAM Size For Recognition                               ; Off                ; Off                ;
; Allow Any ROM Size For Recognition                               ; Off                ; Off                ;
; Allow Any Shift Register Size For Recognition                    ; Off                ; Off                ;
; Use LogicLock Constraints during Resource Balancing              ; On                 ; On                 ;
; Ignore translate_off and synthesis_off directives                ; Off                ; Off                ;
; Timing-Driven Synthesis                                          ; On                 ; On                 ;
; Report Parameter Settings                                        ; On                 ; On                 ;
; Report Source Assignments                                        ; On                 ; On                 ;
; Report Connectivity Checks                                       ; On                 ; On                 ;
; Ignore Maximum Fan-Out Assignments                               ; Off                ; Off                ;
; Synchronization Register Chain Length                            ; 2                  ; 2                  ;
; Power Optimization During Synthesis                              ; Normal compilation ; Normal compilation ;
; HDL message level                                                ; Level2             ; Level2             ;
; Suppress Register Optimization Related Messages                  ; Off                ; Off                ;
; Number of Removed Registers Reported in Synthesis Report         ; 5000               ; 5000               ;
; Number of Swept Nodes Reported in Synthesis Report               ; 5000               ; 5000               ;
; Number of Inverted Registers Reported in Synthesis Report        ; 100                ; 100                ;
; Clock MUX Protection                                             ; On                 ; On                 ;
; Auto Gated Clock Conversion                                      ; Off                ; Off                ;
; Block Design Naming                                              ; Auto               ; Auto               ;
; SDC constraint protection                                        ; Off                ; Off                ;
; Synthesis Effort                                                 ; Auto               ; Auto               ;
; Shift Register Replacement - Allow Asynchronous Clear Signal     ; On                 ; On                 ;
; Pre-Mapping Resynthesis Optimization                             ; Off                ; Off                ;
; Analysis & Synthesis Message Level                               ; Medium             ; Medium             ;
; Disable Register Merging Across Hierarchies                      ; Auto               ; Auto               ;
; Resource Aware Inference For Block RAM                           ; On                 ; On                 ;
+------------------------------------------------------------------+--------------------+--------------------+


+------------------------------------------+
; Parallel Compilation                     ;
+----------------------------+-------------+
; Processors                 ; Number      ;
+----------------------------+-------------+
; Number detected on machine ; 4           ;
; Maximum allowed            ; 2           ;
;                            ;             ;
; Average used               ; 1.00        ;
; Maximum used               ; 2           ;
;                            ;             ;
; Usage by Processor         ; % Time Used ;
;     Processor 1            ; 100.0%      ;
;     Processor 2            ;   0.0%      ;
+----------------------------+-------------+


+------------------------------------------------------------------------------------------------------------------------+
; Analysis & Synthesis Source Files Read                                                                                 ;
+----------------------------------+-----------------+------------------------+--------------------------------+---------+
; File Name with User-Entered Path ; Used in Netlist ; File Type              ; File Name with Absolute Path   ; Library ;
+----------------------------------+-----------------+------------------------+--------------------------------+---------+
; modules/alu.v                    ; yes             ; User Verilog HDL File  ; C:/GitHub/ev21g1/modules/alu.v ;         ;
+----------------------------------+-----------------+------------------------+--------------------------------+---------+


+-------------------------------------------------------------+
; Analysis & Synthesis Resource Usage Summary                 ;
+---------------------------------------------+---------------+
; Resource                                    ; Usage         ;
+---------------------------------------------+---------------+
; Estimated Total logic elements              ; 248           ;
;                                             ;               ;
; Total combinational functions               ; 248           ;
; Logic element usage by number of LUT inputs ;               ;
;     -- 4 input functions                    ; 107           ;
;     -- 3 input functions                    ; 108           ;
;     -- <=2 input functions                  ; 33            ;
;                                             ;               ;
; Logic elements by mode                      ;               ;
;     -- normal mode                          ; 186           ;
;     -- arithmetic mode                      ; 62            ;
;                                             ;               ;
; Total registers                             ; 0             ;
;     -- Dedicated logic registers            ; 0             ;
;     -- I/O registers                        ; 0             ;
;                                             ;               ;
; I/O pins                                    ; 105           ;
;                                             ;               ;
; Embedded Multiplier 9-bit elements          ; 0             ;
;                                             ;               ;
; Maximum fan-out node                        ; aluc[1]~input ;
; Maximum fan-out                             ; 86            ;
; Total fan-out                               ; 957           ;
; Average fan-out                             ; 2.09          ;
+---------------------------------------------+---------------+


+----------------------------------------------------------------------------------------------------------------------------------------------------------------------------------------------------------+
; Analysis & Synthesis Resource Utilization by Entity                                                                                                                                                      ;
+----------------------------+---------------------+---------------------------+-------------+--------------+---------+-----------+------+--------------+---------------------+-------------+--------------+
; Compilation Hierarchy Node ; Combinational ALUTs ; Dedicated Logic Registers ; Memory Bits ; DSP Elements ; DSP 9x9 ; DSP 18x18 ; Pins ; Virtual Pins ; Full Hierarchy Name ; Entity Name ; Library Name ;
+----------------------------+---------------------+---------------------------+-------------+--------------+---------+-----------+------+--------------+---------------------+-------------+--------------+
; |alu                       ; 248 (248)           ; 0 (0)                     ; 0           ; 0            ; 0       ; 0         ; 105  ; 0            ; |alu                ; alu         ; work         ;
+----------------------------+---------------------+---------------------------+-------------+--------------+---------+-----------+------+--------------+---------------------+-------------+--------------+
Note: For table entries with two numbers listed, the numbers in parentheses indicate the number of resources of the given type used by the specific entity alone. The numbers listed outside of parentheses indicate the total resources of the given type used by the specific entity and all of its sub-entities in the hierarchy.


+----------------------------------------------------------------------------------------------------+
; User-Specified and Inferred Latches                                                                ;
+-----------------------------------------------------+---------------------+------------------------+
; Latch Name                                          ; Latch Enable Signal ; Free of Timing Hazards ;
+-----------------------------------------------------+---------------------+------------------------+
; out[0]$latch                                        ; Mux32               ; yes                    ;
; out[1]$latch                                        ; Mux32               ; yes                    ;
; out[2]$latch                                        ; Mux32               ; yes                    ;
; out[3]$latch                                        ; Mux32               ; yes                    ;
; out[4]$latch                                        ; Mux32               ; yes                    ;
; out[5]$latch                                        ; Mux32               ; yes                    ;
; out[6]$latch                                        ; Mux32               ; yes                    ;
; out[7]$latch                                        ; Mux32               ; yes                    ;
; out[8]$latch                                        ; Mux32               ; yes                    ;
; out[9]$latch                                        ; Mux32               ; yes                    ;
; out[10]$latch                                       ; Mux32               ; yes                    ;
; out[11]$latch                                       ; Mux32               ; yes                    ;
; out[12]$latch                                       ; Mux32               ; yes                    ;
; out[13]$latch                                       ; Mux32               ; yes                    ;
; out[14]$latch                                       ; Mux32               ; yes                    ;
; out[15]$latch                                       ; Mux32               ; yes                    ;
; out[16]$latch                                       ; Mux32               ; yes                    ;
; out[17]$latch                                       ; Mux32               ; yes                    ;
; out[18]$latch                                       ; Mux32               ; yes                    ;
; out[19]$latch                                       ; Mux32               ; yes                    ;
; out[20]$latch                                       ; Mux32               ; yes                    ;
; out[21]$latch                                       ; Mux32               ; yes                    ;
; out[22]$latch                                       ; Mux32               ; yes                    ;
; out[23]$latch                                       ; Mux32               ; yes                    ;
; out[24]$latch                                       ; Mux32               ; yes                    ;
; out[25]$latch                                       ; Mux32               ; yes                    ;
; out[26]$latch                                       ; Mux32               ; yes                    ;
; out[27]$latch                                       ; Mux32               ; yes                    ;
; out[28]$latch                                       ; Mux32               ; yes                    ;
; out[29]$latch                                       ; Mux32               ; yes                    ;
; out[30]$latch                                       ; Mux32               ; yes                    ;
; out[31]$latch                                       ; Mux32               ; yes                    ;
; Number of user-specified and inferred latches = 32  ;                     ;                        ;
+-----------------------------------------------------+---------------------+------------------------+
Note: All latches listed above may not be present at the end of synthesis due to various synthesis optimizations.


+------------------------------------------------------+
; General Register Statistics                          ;
+----------------------------------------------+-------+
; Statistic                                    ; Value ;
+----------------------------------------------+-------+
; Total registers                              ; 0     ;
; Number of registers using Synchronous Clear  ; 0     ;
; Number of registers using Synchronous Load   ; 0     ;
; Number of registers using Asynchronous Clear ; 0     ;
; Number of registers using Asynchronous Load  ; 0     ;
; Number of registers using Clock Enable       ; 0     ;
; Number of registers using Preset             ; 0     ;
+----------------------------------------------+-------+


+------------------------------------------------------------------------------------------------------------------------------------------+
; Multiplexer Restructuring Statistics (Restructuring Performed)                                                                           ;
+--------------------+-----------+---------------+----------------------+------------------------+------------+----------------------------+
; Multiplexer Inputs ; Bus Width ; Baseline Area ; Area if Restructured ; Saving if Restructured ; Registered ; Example Multiplexer Output ;
+--------------------+-----------+---------------+----------------------+------------------------+------------+----------------------------+
; 11:1               ; 32 bits   ; 224 LEs       ; 224 LEs              ; 0 LEs                  ; No         ; |alu|Mux0                  ;
+--------------------+-----------+---------------+----------------------+------------------------+------------+----------------------------+


+-----------------------------------------------------+
; Post-Synthesis Netlist Statistics for Top Partition ;
+-----------------------+-----------------------------+
; Type                  ; Count                       ;
+-----------------------+-----------------------------+
; boundary_port         ; 105                         ;
; cycloneiii_lcell_comb ; 250                         ;
;     arith             ; 62                          ;
;         2 data inputs ; 30                          ;
;         3 data inputs ; 32                          ;
;     normal            ; 188                         ;
;         0 data inputs ; 1                           ;
;         1 data inputs ; 2                           ;
;         2 data inputs ; 2                           ;
;         3 data inputs ; 76                          ;
;         4 data inputs ; 107                         ;
;                       ;                             ;
; Max LUT depth         ; 10.10                       ;
; Average LUT depth     ; 7.56                        ;
+-----------------------+-----------------------------+


+-------------------------------+
; Elapsed Time Per Partition    ;
+----------------+--------------+
; Partition Name ; Elapsed Time ;
+----------------+--------------+
; Top            ; 00:00:02     ;
+----------------+--------------+


+-------------------------------+
; Analysis & Synthesis Messages ;
+-------------------------------+
Info: *******************************************************************
Info: Running Quartus Prime Analysis & Synthesis
    Info: Version 20.1.1 Build 720 11/11/2020 SJ Lite Edition
    Info: Processing started: Sun May 16 23:00:53 2021
Info: Command: quartus_map --read_settings_files=on --write_settings_files=off ev21g1 -c ev21g1
Warning (18236): Number of processors has not been specified which may cause overloading on shared machines.  Set the global assignment NUM_PARALLEL_PROCESSORS in your QSF to an appropriate value for best performance.
Info (20030): Parallel compilation is enabled and will use 2 of the 2 processors detected
Info (12021): Found 1 design units, including 1 entities, in source file testbenches/shifter_tb.v
    Info (12023): Found entity 1: shifter_tb File: C:/GitHub/ev21g1/testbenches/shifter_tb.v Line: 1
Info (12021): Found 1 design units, including 1 entities, in source file modules/shifter.v
    Info (12023): Found entity 1: shifter File: C:/GitHub/ev21g1/modules/shifter.v Line: 1
Info (12021): Found 1 design units, including 1 entities, in source file modules/alu.v
    Info (12023): Found entity 1: alu File: C:/GitHub/ev21g1/modules/alu.v Line: 1
Info (12021): Found 1 design units, including 1 entities, in source file ev21g1.bdf
    Info (12023): Found entity 1: ev21g1
Info (12021): Found 1 design units, including 1 entities, in source file testbenches/alu_tb.v
    Info (12023): Found entity 1: alu_tb File: C:/GitHub/ev21g1/testbenches/alu_tb.v Line: 1
Info (12127): Elaborating entity "alu" for the top level hierarchy
Warning (10240): Verilog HDL Always Construct warning at alu.v(33): inferring latch(es) for variable "out", which holds its previous value in one or more paths through the always construct File: C:/GitHub/ev21g1/modules/alu.v Line: 33
Warning (10034): Output port "cout" at alu.v(25) has no driver File: C:/GitHub/ev21g1/modules/alu.v Line: 25
Info (10041): Inferred latch for "out[0]" at alu.v(33) File: C:/GitHub/ev21g1/modules/alu.v Line: 33
Info (10041): Inferred latch for "out[1]" at alu.v(33) File: C:/GitHub/ev21g1/modules/alu.v Line: 33
Info (10041): Inferred latch for "out[2]" at alu.v(33) File: C:/GitHub/ev21g1/modules/alu.v Line: 33
Info (10041): Inferred latch for "out[3]" at alu.v(33) File: C:/GitHub/ev21g1/modules/alu.v Line: 33
Info (10041): Inferred latch for "out[4]" at alu.v(33) File: C:/GitHub/ev21g1/modules/alu.v Line: 33
Info (10041): Inferred latch for "out[5]" at alu.v(33) File: C:/GitHub/ev21g1/modules/alu.v Line: 33
Info (10041): Inferred latch for "out[6]" at alu.v(33) File: C:/GitHub/ev21g1/modules/alu.v Line: 33
Info (10041): Inferred latch for "out[7]" at alu.v(33) File: C:/GitHub/ev21g1/modules/alu.v Line: 33
Info (10041): Inferred latch for "out[8]" at alu.v(33) File: C:/GitHub/ev21g1/modules/alu.v Line: 33
Info (10041): Inferred latch for "out[9]" at alu.v(33) File: C:/GitHub/ev21g1/modules/alu.v Line: 33
Info (10041): Inferred latch for "out[10]" at alu.v(33) File: C:/GitHub/ev21g1/modules/alu.v Line: 33
Info (10041): Inferred latch for "out[11]" at alu.v(33) File: C:/GitHub/ev21g1/modules/alu.v Line: 33
Info (10041): Inferred latch for "out[12]" at alu.v(33) File: C:/GitHub/ev21g1/modules/alu.v Line: 33
Info (10041): Inferred latch for "out[13]" at alu.v(33) File: C:/GitHub/ev21g1/modules/alu.v Line: 33
Info (10041): Inferred latch for "out[14]" at alu.v(33) File: C:/GitHub/ev21g1/modules/alu.v Line: 33
Info (10041): Inferred latch for "out[15]" at alu.v(33) File: C:/GitHub/ev21g1/modules/alu.v Line: 33
Info (10041): Inferred latch for "out[16]" at alu.v(33) File: C:/GitHub/ev21g1/modules/alu.v Line: 33
Info (10041): Inferred latch for "out[17]" at alu.v(33) File: C:/GitHub/ev21g1/modules/alu.v Line: 33
Info (10041): Inferred latch for "out[18]" at alu.v(33) File: C:/GitHub/ev21g1/modules/alu.v Line: 33
Info (10041): Inferred latch for "out[19]" at alu.v(33) File: C:/GitHub/ev21g1/modules/alu.v Line: 33
Info (10041): Inferred latch for "out[20]" at alu.v(33) File: C:/GitHub/ev21g1/modules/alu.v Line: 33
Info (10041): Inferred latch for "out[21]" at alu.v(33) File: C:/GitHub/ev21g1/modules/alu.v Line: 33
Info (10041): Inferred latch for "out[22]" at alu.v(33) File: C:/GitHub/ev21g1/modules/alu.v Line: 33
Info (10041): Inferred latch for "out[23]" at alu.v(33) File: C:/GitHub/ev21g1/modules/alu.v Line: 33
Info (10041): Inferred latch for "out[24]" at alu.v(33) File: C:/GitHub/ev21g1/modules/alu.v Line: 33
Info (10041): Inferred latch for "out[25]" at alu.v(33) File: C:/GitHub/ev21g1/modules/alu.v Line: 33
Info (10041): Inferred latch for "out[26]" at alu.v(33) File: C:/GitHub/ev21g1/modules/alu.v Line: 33
Info (10041): Inferred latch for "out[27]" at alu.v(33) File: C:/GitHub/ev21g1/modules/alu.v Line: 33
Info (10041): Inferred latch for "out[28]" at alu.v(33) File: C:/GitHub/ev21g1/modules/alu.v Line: 33
Info (10041): Inferred latch for "out[29]" at alu.v(33) File: C:/GitHub/ev21g1/modules/alu.v Line: 33
Info (10041): Inferred latch for "out[30]" at alu.v(33) File: C:/GitHub/ev21g1/modules/alu.v Line: 33
Info (10041): Inferred latch for "out[31]" at alu.v(33) File: C:/GitHub/ev21g1/modules/alu.v Line: 33
Warning (13012): Latch out[0]$latch has unsafe behavior File: C:/GitHub/ev21g1/modules/alu.v Line: 33
    Warning (13013): Ports D and ENA on the latch are fed by the same signal aluc[3] File: C:/GitHub/ev21g1/modules/alu.v Line: 18
Warning (13012): Latch out[1]$latch has unsafe behavior File: C:/GitHub/ev21g1/modules/alu.v Line: 33
    Warning (13013): Ports D and ENA on the latch are fed by the same signal aluc[1] File: C:/GitHub/ev21g1/modules/alu.v Line: 18
Warning (13012): Latch out[2]$latch has unsafe behavior File: C:/GitHub/ev21g1/modules/alu.v Line: 33
    Warning (13013): Ports D and ENA on the latch are fed by the same signal aluc[1] File: C:/GitHub/ev21g1/modules/alu.v Line: 18
Warning (13012): Latch out[3]$latch has unsafe behavior File: C:/GitHub/ev21g1/modules/alu.v Line: 33
    Warning (13013): Ports D and ENA on the latch are fed by the same signal aluc[1] File: C:/GitHub/ev21g1/modules/alu.v Line: 18
Warning (13012): Latch out[4]$latch has unsafe behavior File: C:/GitHub/ev21g1/modules/alu.v Line: 33
    Warning (13013): Ports D and ENA on the latch are fed by the same signal aluc[1] File: C:/GitHub/ev21g1/modules/alu.v Line: 18
Warning (13012): Latch out[5]$latch has unsafe behavior File: C:/GitHub/ev21g1/modules/alu.v Line: 33
    Warning (13013): Ports D and ENA on the latch are fed by the same signal aluc[1] File: C:/GitHub/ev21g1/modules/alu.v Line: 18
Warning (13012): Latch out[6]$latch has unsafe behavior File: C:/GitHub/ev21g1/modules/alu.v Line: 33
    Warning (13013): Ports D and ENA on the latch are fed by the same signal aluc[1] File: C:/GitHub/ev21g1/modules/alu.v Line: 18
Warning (13012): Latch out[7]$latch has unsafe behavior File: C:/GitHub/ev21g1/modules/alu.v Line: 33
    Warning (13013): Ports D and ENA on the latch are fed by the same signal aluc[1] File: C:/GitHub/ev21g1/modules/alu.v Line: 18
Warning (13012): Latch out[8]$latch has unsafe behavior File: C:/GitHub/ev21g1/modules/alu.v Line: 33
    Warning (13013): Ports D and ENA on the latch are fed by the same signal aluc[1] File: C:/GitHub/ev21g1/modules/alu.v Line: 18
Warning (13012): Latch out[9]$latch has unsafe behavior File: C:/GitHub/ev21g1/modules/alu.v Line: 33
    Warning (13013): Ports D and ENA on the latch are fed by the same signal aluc[1] File: C:/GitHub/ev21g1/modules/alu.v Line: 18
Warning (13012): Latch out[10]$latch has unsafe behavior File: C:/GitHub/ev21g1/modules/alu.v Line: 33
    Warning (13013): Ports D and ENA on the latch are fed by the same signal aluc[1] File: C:/GitHub/ev21g1/modules/alu.v Line: 18
Warning (13012): Latch out[11]$latch has unsafe behavior File: C:/GitHub/ev21g1/modules/alu.v Line: 33
    Warning (13013): Ports D and ENA on the latch are fed by the same signal aluc[1] File: C:/GitHub/ev21g1/modules/alu.v Line: 18
Warning (13012): Latch out[12]$latch has unsafe behavior File: C:/GitHub/ev21g1/modules/alu.v Line: 33
    Warning (13013): Ports D and ENA on the latch are fed by the same signal aluc[1] File: C:/GitHub/ev21g1/modules/alu.v Line: 18
Warning (13012): Latch out[13]$latch has unsafe behavior File: C:/GitHub/ev21g1/modules/alu.v Line: 33
    Warning (13013): Ports D and ENA on the latch are fed by the same signal aluc[1] File: C:/GitHub/ev21g1/modules/alu.v Line: 18
Warning (13012): Latch out[14]$latch has unsafe behavior File: C:/GitHub/ev21g1/modules/alu.v Line: 33
    Warning (13013): Ports D and ENA on the latch are fed by the same signal aluc[1] File: C:/GitHub/ev21g1/modules/alu.v Line: 18
Warning (13012): Latch out[15]$latch has unsafe behavior File: C:/GitHub/ev21g1/modules/alu.v Line: 33
    Warning (13013): Ports D and ENA on the latch are fed by the same signal aluc[1] File: C:/GitHub/ev21g1/modules/alu.v Line: 18
Warning (13012): Latch out[16]$latch has unsafe behavior File: C:/GitHub/ev21g1/modules/alu.v Line: 33
    Warning (13013): Ports D and ENA on the latch are fed by the same signal aluc[1] File: C:/GitHub/ev21g1/modules/alu.v Line: 18
Warning (13012): Latch out[17]$latch has unsafe behavior File: C:/GitHub/ev21g1/modules/alu.v Line: 33
    Warning (13013): Ports D and ENA on the latch are fed by the same signal aluc[1] File: C:/GitHub/ev21g1/modules/alu.v Line: 18
Warning (13012): Latch out[18]$latch has unsafe behavior File: C:/GitHub/ev21g1/modules/alu.v Line: 33
    Warning (13013): Ports D and ENA on the latch are fed by the same signal aluc[1] File: C:/GitHub/ev21g1/modules/alu.v Line: 18
Warning (13012): Latch out[19]$latch has unsafe behavior File: C:/GitHub/ev21g1/modules/alu.v Line: 33
    Warning (13013): Ports D and ENA on the latch are fed by the same signal aluc[1] File: C:/GitHub/ev21g1/modules/alu.v Line: 18
Warning (13012): Latch out[20]$latch has unsafe behavior File: C:/GitHub/ev21g1/modules/alu.v Line: 33
    Warning (13013): Ports D and ENA on the latch are fed by the same signal aluc[1] File: C:/GitHub/ev21g1/modules/alu.v Line: 18
Warning (13012): Latch out[21]$latch has unsafe behavior File: C:/GitHub/ev21g1/modules/alu.v Line: 33
    Warning (13013): Ports D and ENA on the latch are fed by the same signal aluc[1] File: C:/GitHub/ev21g1/modules/alu.v Line: 18
Warning (13012): Latch out[22]$latch has unsafe behavior File: C:/GitHub/ev21g1/modules/alu.v Line: 33
    Warning (13013): Ports D and ENA on the latch are fed by the same signal aluc[1] File: C:/GitHub/ev21g1/modules/alu.v Line: 18
Warning (13012): Latch out[23]$latch has unsafe behavior File: C:/GitHub/ev21g1/modules/alu.v Line: 33
    Warning (13013): Ports D and ENA on the latch are fed by the same signal aluc[1] File: C:/GitHub/ev21g1/modules/alu.v Line: 18
Warning (13012): Latch out[24]$latch has unsafe behavior File: C:/GitHub/ev21g1/modules/alu.v Line: 33
    Warning (13013): Ports D and ENA on the latch are fed by the same signal aluc[1] File: C:/GitHub/ev21g1/modules/alu.v Line: 18
Warning (13012): Latch out[25]$latch has unsafe behavior File: C:/GitHub/ev21g1/modules/alu.v Line: 33
    Warning (13013): Ports D and ENA on the latch are fed by the same signal aluc[1] File: C:/GitHub/ev21g1/modules/alu.v Line: 18
Warning (13012): Latch out[26]$latch has unsafe behavior File: C:/GitHub/ev21g1/modules/alu.v Line: 33
    Warning (13013): Ports D and ENA on the latch are fed by the same signal aluc[1] File: C:/GitHub/ev21g1/modules/alu.v Line: 18
Warning (13012): Latch out[27]$latch has unsafe behavior File: C:/GitHub/ev21g1/modules/alu.v Line: 33
    Warning (13013): Ports D and ENA on the latch are fed by the same signal aluc[1] File: C:/GitHub/ev21g1/modules/alu.v Line: 18
Warning (13012): Latch out[28]$latch has unsafe behavior File: C:/GitHub/ev21g1/modules/alu.v Line: 33
    Warning (13013): Ports D and ENA on the latch are fed by the same signal aluc[1] File: C:/GitHub/ev21g1/modules/alu.v Line: 18
Warning (13012): Latch out[29]$latch has unsafe behavior File: C:/GitHub/ev21g1/modules/alu.v Line: 33
    Warning (13013): Ports D and ENA on the latch are fed by the same signal aluc[1] File: C:/GitHub/ev21g1/modules/alu.v Line: 18
Warning (13012): Latch out[30]$latch has unsafe behavior File: C:/GitHub/ev21g1/modules/alu.v Line: 33
    Warning (13013): Ports D and ENA on the latch are fed by the same signal aluc[1] File: C:/GitHub/ev21g1/modules/alu.v Line: 18
Warning (13012): Latch out[31]$latch has unsafe behavior File: C:/GitHub/ev21g1/modules/alu.v Line: 33
    Warning (13013): Ports D and ENA on the latch are fed by the same signal aluc[1] File: C:/GitHub/ev21g1/modules/alu.v Line: 18
Warning (13024): Output pins are stuck at VCC or GND
    Warning (13410): Pin "cout" is stuck at GND File: C:/GitHub/ev21g1/modules/alu.v Line: 25
Info (286030): Timing-Driven Synthesis is running
Info (16010): Generating hard_block partition "hard_block:auto_generated_inst"
    Info (16011): Adding 0 node(s), including 0 DDIO, 0 PLL, 0 transceiver and 0 LCELL
Info (21057): Implemented 353 device resources after synthesis - the final resource count might be different
    Info (21058): Implemented 69 input pins
    Info (21059): Implemented 36 output pins
    Info (21061): Implemented 248 logic cells
Info: Quartus Prime Analysis & Synthesis was successful. 0 errors, 69 warnings
    Info: Peak virtual memory: 4728 megabytes
    Info: Processing ended: Sun May 16 23:01:09 2021
    Info: Elapsed time: 00:00:16
    Info: Total CPU time (on all processors): 00:00:33


